[0m16:04:09.717812 [debug] [MainThread]: Sending event: {'category': 'dbt', 'action': 'invocation', 'label': 'start', 'context': [<snowplow_tracker.self_describing_json.SelfDescribingJson object at 0x0000017E8AD86EA0>, <snowplow_tracker.self_describing_json.SelfDescribingJson object at 0x0000017E8AE13DD0>, <snowplow_tracker.self_describing_json.SelfDescribingJson object at 0x0000017E8AF1BF80>]}


============================== 16:04:09.723102 | 2da4a40d-5f55-4b64-81f6-847b77b5f05b ==============================
[0m16:04:09.723102 [info ] [MainThread]: Running with dbt=1.7.9
[0m16:04:09.724093 [debug] [MainThread]: running dbt with arguments {'printer_width': '80', 'indirect_selection': 'eager', 'log_cache_events': 'False', 'write_json': 'True', 'partial_parse': 'True', 'cache_selected_only': 'False', 'profiles_dir': 'C:\\Users\\asus\\.dbt', 'fail_fast': 'False', 'version_check': 'True', 'log_path': 'logs', 'warn_error': 'None', 'debug': 'False', 'use_colors': 'True', 'use_experimental_parser': 'False', 'no_print': 'None', 'quiet': 'False', 'warn_error_options': 'WarnErrorOptions(include=[], exclude=[])', 'static_parser': 'True', 'log_format': 'default', 'introspect': 'True', 'target_path': 'None', 'invocation_command': 'dbt init', 'send_anonymous_usage_stats': 'True'}
[0m16:04:09.724093 [warn ] [MainThread]: [ConfigFolderDirectory]: Unable to parse dict {'dir': WindowsPath('C:/Users/asus/.dbt')}
[0m16:04:09.725095 [info ] [MainThread]: Creating dbt configuration folder at 
[0m16:06:43.896401 [debug] [MainThread]: Starter project path: C:\2nd year\DBT\env_dbt\Lib\site-packages\dbt\include\starter_project
[0m16:06:43.924410 [info ] [MainThread]: 
Your new dbt project "dbt_mysql_prj" was created!

For more information on how to configure the profiles.yml file,
please consult the dbt documentation here:

  https://docs.getdbt.com/docs/configure-your-profile

One more thing:

Need help? Don't hesitate to reach out to us via GitHub issues or on Slack:

  https://community.getdbt.com/

Happy modeling!

[0m16:06:43.925410 [info ] [MainThread]: Setting up your profile.
[0m16:07:45.709943 [info ] [MainThread]: Profile dbt_mysql_prj written to C:\Users\asus\.dbt\profiles.yml using target's sample configuration. Once updated, you'll be able to start developing with dbt.
[0m16:07:45.710944 [debug] [MainThread]: Command `dbt init` succeeded at 16:07:45.710944 after 216.04 seconds
[0m16:07:45.710944 [debug] [MainThread]: Sending event: {'category': 'dbt', 'action': 'invocation', 'label': 'end', 'context': [<snowplow_tracker.self_describing_json.SelfDescribingJson object at 0x0000017E8B0E9550>, <snowplow_tracker.self_describing_json.SelfDescribingJson object at 0x0000017E8B0E9310>, <snowplow_tracker.self_describing_json.SelfDescribingJson object at 0x0000017E8ACEFE00>]}
[0m16:07:45.710944 [debug] [MainThread]: Flushing usage events
[0m16:10:17.627317 [debug] [MainThread]: Sending event: {'category': 'dbt', 'action': 'invocation', 'label': 'start', 'context': [<snowplow_tracker.self_describing_json.SelfDescribingJson object at 0x0000026685ECC140>, <snowplow_tracker.self_describing_json.SelfDescribingJson object at 0x00000266830F9160>, <snowplow_tracker.self_describing_json.SelfDescribingJson object at 0x0000026685ECCF50>]}


============================== 16:10:17.630316 | d854d4ff-0b4e-4e41-9f69-eac2b2a86be3 ==============================
[0m16:10:17.630316 [info ] [MainThread]: Running with dbt=1.7.9
[0m16:10:17.631316 [debug] [MainThread]: running dbt with arguments {'printer_width': '80', 'indirect_selection': 'eager', 'write_json': 'True', 'log_cache_events': 'False', 'partial_parse': 'True', 'cache_selected_only': 'False', 'warn_error': 'None', 'debug': 'False', 'fail_fast': 'False', 'log_path': 'logs', 'version_check': 'True', 'profiles_dir': 'C:\\Users\\asus\\.dbt', 'use_colors': 'True', 'use_experimental_parser': 'False', 'no_print': 'None', 'quiet': 'False', 'log_format': 'default', 'introspect': 'True', 'invocation_command': 'dbt debug', 'warn_error_options': 'WarnErrorOptions(include=[], exclude=[])', 'target_path': 'None', 'static_parser': 'True', 'send_anonymous_usage_stats': 'True'}
[0m16:10:17.631316 [info ] [MainThread]: dbt version: 1.7.9
[0m16:10:17.632316 [info ] [MainThread]: python version: 3.12.5
[0m16:10:17.632316 [info ] [MainThread]: python path: C:\2nd year\DBT\env_dbt\Scripts\python.exe
[0m16:10:17.632316 [info ] [MainThread]: os info: Windows-11-10.0.22631-SP0
[0m16:10:17.704851 [info ] [MainThread]: Using profiles dir at C:\Users\asus\.dbt
[0m16:10:17.705900 [info ] [MainThread]: Using profiles.yml file at C:\Users\asus\.dbt\profiles.yml
[0m16:10:17.705900 [info ] [MainThread]: Using dbt_project.yml file at C:\2nd year\DBT\dbt_project.yml
[0m16:10:17.706915 [info ] [MainThread]: Configuration:
[0m16:10:17.706915 [info ] [MainThread]:   profiles.yml file [[31mERROR invalid[0m]
[0m16:10:17.706915 [info ] [MainThread]:   dbt_project.yml file [[31mERROR not found[0m]
[0m16:10:17.707917 [info ] [MainThread]: Required dependencies:
[0m16:10:17.707917 [debug] [MainThread]: Executing "git --help"
[0m16:10:17.735926 [debug] [MainThread]: STDOUT: "b"usage: git [-v | --version] [-h | --help] [-C <path>] [-c <name>=<value>]\n           [--exec-path[=<path>]] [--html-path] [--man-path] [--info-path]\n           [-p | --paginate | -P | --no-pager] [--no-replace-objects] [--bare]\n           [--git-dir=<path>] [--work-tree=<path>] [--namespace=<name>]\n           [--config-env=<name>=<envvar>] <command> [<args>]\n\nThese are common Git commands used in various situations:\n\nstart a working area (see also: git help tutorial)\n   clone     Clone a repository into a new directory\n   init      Create an empty Git repository or reinitialize an existing one\n\nwork on the current change (see also: git help everyday)\n   add       Add file contents to the index\n   mv        Move or rename a file, a directory, or a symlink\n   restore   Restore working tree files\n   rm        Remove files from the working tree and from the index\n\nexamine the history and state (see also: git help revisions)\n   bisect    Use binary search to find the commit that introduced a bug\n   diff      Show changes between commits, commit and working tree, etc\n   grep      Print lines matching a pattern\n   log       Show commit logs\n   show      Show various types of objects\n   status    Show the working tree status\n\ngrow, mark and tweak your common history\n   branch    List, create, or delete branches\n   commit    Record changes to the repository\n   merge     Join two or more development histories together\n   rebase    Reapply commits on top of another base tip\n   reset     Reset current HEAD to the specified state\n   switch    Switch branches\n   tag       Create, list, delete or verify a tag object signed with GPG\n\ncollaborate (see also: git help workflows)\n   fetch     Download objects and refs from another repository\n   pull      Fetch from and integrate with another repository or a local branch\n   push      Update remote refs along with associated objects\n\n'git help -a' and 'git help -g' list available subcommands and some\nconcept guides. See 'git help <command>' or 'git help <concept>'\nto read about a specific subcommand or concept.\nSee 'git help git' for an overview of the system.\n""
[0m16:10:17.736920 [debug] [MainThread]: STDERR: "b''"
[0m16:10:17.736920 [info ] [MainThread]:  - git [[32mOK found[0m]

[0m16:10:17.737430 [info ] [MainThread]: Connection test skipped since no profile was found
[0m16:10:17.737430 [info ] [MainThread]: [31m2 checks failed:[0m
[0m16:10:17.737430 [info ] [MainThread]: Could not load dbt_project.yml
Profile loading failed for the following reason:
Runtime Error
  Credentials in profile "dbt_mysql_prj", target "dev" invalid: ['schema'] is not valid under any of the given schemas


[0m16:10:17.738440 [info ] [MainThread]: Project loading failed for the following reason:
 project path <C:\2nd year\DBT\dbt_project.yml> not found

[0m16:10:17.738440 [debug] [MainThread]: Command `dbt debug` failed at 16:10:17.738440 after 0.23 seconds
[0m16:10:17.739451 [debug] [MainThread]: Sending event: {'category': 'dbt', 'action': 'invocation', 'label': 'end', 'context': [<snowplow_tracker.self_describing_json.SelfDescribingJson object at 0x0000026685ECEA20>, <snowplow_tracker.self_describing_json.SelfDescribingJson object at 0x0000026685FD91F0>, <snowplow_tracker.self_describing_json.SelfDescribingJson object at 0x0000026685D4AC90>]}
[0m16:10:17.739451 [debug] [MainThread]: Flushing usage events
[0m16:16:21.937957 [debug] [MainThread]: Sending event: {'category': 'dbt', 'action': 'invocation', 'label': 'start', 'context': [<snowplow_tracker.self_describing_json.SelfDescribingJson object at 0x000001A33260C530>, <snowplow_tracker.self_describing_json.SelfDescribingJson object at 0x000001A33260C4A0>, <snowplow_tracker.self_describing_json.SelfDescribingJson object at 0x000001A33260C3B0>]}


============================== 16:16:21.941966 | b31623f9-878d-4f5b-94ae-f794447bb12a ==============================
[0m16:16:21.941966 [info ] [MainThread]: Running with dbt=1.7.9
[0m16:16:21.941966 [debug] [MainThread]: running dbt with arguments {'printer_width': '80', 'indirect_selection': 'eager', 'write_json': 'True', 'log_cache_events': 'False', 'partial_parse': 'True', 'cache_selected_only': 'False', 'profiles_dir': 'C:\\Users\\asus\\.dbt', 'version_check': 'True', 'warn_error': 'None', 'log_path': 'logs', 'fail_fast': 'False', 'debug': 'False', 'use_colors': 'True', 'use_experimental_parser': 'False', 'no_print': 'None', 'quiet': 'False', 'log_format': 'default', 'introspect': 'True', 'static_parser': 'True', 'warn_error_options': 'WarnErrorOptions(include=[], exclude=[])', 'target_path': 'None', 'invocation_command': 'dbt debug', 'send_anonymous_usage_stats': 'True'}
[0m16:16:21.942967 [info ] [MainThread]: dbt version: 1.7.9
[0m16:16:21.942967 [info ] [MainThread]: python version: 3.12.5
[0m16:16:21.943969 [info ] [MainThread]: python path: C:\2nd year\DBT\env_dbt\Scripts\python.exe
[0m16:16:21.943969 [info ] [MainThread]: os info: Windows-11-10.0.22631-SP0
[0m16:16:22.036498 [info ] [MainThread]: Using profiles dir at C:\Users\asus\.dbt
[0m16:16:22.037498 [info ] [MainThread]: Using profiles.yml file at C:\Users\asus\.dbt\profiles.yml
[0m16:16:22.037498 [info ] [MainThread]: Using dbt_project.yml file at C:\2nd year\DBT\dbt_project.yml
[0m16:16:22.038498 [info ] [MainThread]: adapter type: mysql
[0m16:16:22.039507 [info ] [MainThread]: adapter version: 1.7.0
[0m16:16:22.039507 [info ] [MainThread]: Configuration:
[0m16:16:22.040513 [info ] [MainThread]:   profiles.yml file [[32mOK found and valid[0m]
[0m16:16:22.040513 [info ] [MainThread]:   dbt_project.yml file [[31mERROR not found[0m]
[0m16:16:22.041500 [info ] [MainThread]: Required dependencies:
[0m16:16:22.041500 [debug] [MainThread]: Executing "git --help"
[0m16:16:22.075509 [debug] [MainThread]: STDOUT: "b"usage: git [-v | --version] [-h | --help] [-C <path>] [-c <name>=<value>]\n           [--exec-path[=<path>]] [--html-path] [--man-path] [--info-path]\n           [-p | --paginate | -P | --no-pager] [--no-replace-objects] [--bare]\n           [--git-dir=<path>] [--work-tree=<path>] [--namespace=<name>]\n           [--config-env=<name>=<envvar>] <command> [<args>]\n\nThese are common Git commands used in various situations:\n\nstart a working area (see also: git help tutorial)\n   clone     Clone a repository into a new directory\n   init      Create an empty Git repository or reinitialize an existing one\n\nwork on the current change (see also: git help everyday)\n   add       Add file contents to the index\n   mv        Move or rename a file, a directory, or a symlink\n   restore   Restore working tree files\n   rm        Remove files from the working tree and from the index\n\nexamine the history and state (see also: git help revisions)\n   bisect    Use binary search to find the commit that introduced a bug\n   diff      Show changes between commits, commit and working tree, etc\n   grep      Print lines matching a pattern\n   log       Show commit logs\n   show      Show various types of objects\n   status    Show the working tree status\n\ngrow, mark and tweak your common history\n   branch    List, create, or delete branches\n   commit    Record changes to the repository\n   merge     Join two or more development histories together\n   rebase    Reapply commits on top of another base tip\n   reset     Reset current HEAD to the specified state\n   switch    Switch branches\n   tag       Create, list, delete or verify a tag object signed with GPG\n\ncollaborate (see also: git help workflows)\n   fetch     Download objects and refs from another repository\n   pull      Fetch from and integrate with another repository or a local branch\n   push      Update remote refs along with associated objects\n\n'git help -a' and 'git help -g' list available subcommands and some\nconcept guides. See 'git help <command>' or 'git help <concept>'\nto read about a specific subcommand or concept.\nSee 'git help git' for an overview of the system.\n""
[0m16:16:22.076499 [debug] [MainThread]: STDERR: "b''"
[0m16:16:22.077507 [info ] [MainThread]:  - git [[32mOK found[0m]

[0m16:16:22.077507 [info ] [MainThread]: Connection:
[0m16:16:22.078499 [info ] [MainThread]:   server: localhost
[0m16:16:22.078499 [info ] [MainThread]:   unix_socket: None
[0m16:16:22.078499 [info ] [MainThread]:   port: 3306
[0m16:16:22.078499 [info ] [MainThread]:   database: None
[0m16:16:22.079506 [info ] [MainThread]:   schema: fil
[0m16:16:22.079506 [info ] [MainThread]:   user: root
[0m16:16:22.079506 [info ] [MainThread]: Registered adapter: mysql=1.7.0
[0m16:16:22.081507 [debug] [MainThread]: Acquiring new mysql connection 'debug'
[0m16:16:22.081507 [debug] [MainThread]: Using mysql connection "debug"
[0m16:16:22.082498 [debug] [MainThread]: On debug: select 1 as id
[0m16:16:22.082498 [debug] [MainThread]: Opening a new connection, currently in state init
[0m16:16:22.101498 [debug] [MainThread]: SQL status: SUCCESS 1 in 0.0 seconds
[0m16:16:22.104309 [debug] [MainThread]: On debug: Close
[0m16:16:22.105319 [info ] [MainThread]:   Connection test: [[32mOK connection ok[0m]

[0m16:16:22.105825 [info ] [MainThread]: [31m1 check failed:[0m
[0m16:16:22.106333 [info ] [MainThread]: Project loading failed for the following reason:
 project path <C:\2nd year\DBT\dbt_project.yml> not found

[0m16:16:22.107344 [debug] [MainThread]: Command `dbt debug` failed at 16:16:22.107344 after 0.28 seconds
[0m16:16:22.108138 [debug] [MainThread]: Connection 'debug' was properly closed.
[0m16:16:22.109146 [debug] [MainThread]: Sending event: {'category': 'dbt', 'action': 'invocation', 'label': 'end', 'context': [<snowplow_tracker.self_describing_json.SelfDescribingJson object at 0x000001A33272C380>, <snowplow_tracker.self_describing_json.SelfDescribingJson object at 0x000001A33276AAE0>, <snowplow_tracker.self_describing_json.SelfDescribingJson object at 0x000001A332509FD0>]}
[0m16:16:22.110163 [debug] [MainThread]: Flushing usage events
